  [1m[36mSQL (0.5ms)[0m  [1mSHOW TABLES[0m
  [1m[35mSQL (83.4ms)[0m  CREATE TABLE `schema_migrations` (`version` varchar(255) NOT NULL) ENGINE=InnoDB
  [1m[36mSQL (9.5ms)[0m  [1mSHOW KEYS FROM `schema_migrations`[0m
  [1m[35mSQL (238.2ms)[0m  CREATE UNIQUE INDEX `unique_schema_migrations` ON `schema_migrations` (`version`)
  [1m[36mSQL (0.3ms)[0m  [1mSHOW TABLES[0m
  [1m[35mSQL (32.5ms)[0m  SHOW TABLES
  [1m[36mSQL (2.6ms)[0m  [1mSHOW TABLES[0m
  [1m[35mSQL (8.0ms)[0m  SELECT `schema_migrations`.`version` FROM `schema_migrations`
  [1m[36mSQL (0.3ms)[0m  [1mSHOW TABLES[0m
  [1m[36mSQL (0.4ms)[0m  [1mSHOW TABLES[0m
  [1m[35mSQL (2.1ms)[0m  SHOW TABLES
  [1m[36mSQL (0.3ms)[0m  [1mSELECT `schema_migrations`.`version` FROM `schema_migrations`[0m
  [1m[36mSQL (0.4ms)[0m  [1mSHOW TABLES[0m
  [1m[35mSQL (8.7ms)[0m  SHOW TABLES
  [1m[36mSQL (3.2ms)[0m  [1mSHOW TABLES[0m
  [1m[35mSQL (0.3ms)[0m  SELECT `schema_migrations`.`version` FROM `schema_migrations`
  [1m[36mSQL (0.3ms)[0m  [1mSHOW TABLES[0m
  [1m[36mSQL (0.3ms)[0m  [1mSHOW TABLES[0m
  [1m[35mSQL (2.9ms)[0m  SHOW TABLES
  [1m[36mSQL (0.3ms)[0m  [1mSELECT `schema_migrations`.`version` FROM `schema_migrations`[0m
  [1m[35mSQL (48.6ms)[0m  DROP DATABASE IF EXISTS `Ticketee_test`
  [1m[36mSQL (1.3ms)[0m  [1mCREATE DATABASE `Ticketee_test` DEFAULT CHARACTER SET `utf8`[0m
  [1m[35mSQL (0.3ms)[0m  SHOW TABLES
  [1m[36mSQL (42.3ms)[0m  [1mCREATE TABLE `schema_migrations` (`version` varchar(255) NOT NULL) ENGINE=InnoDB[0m
  [1m[35mSQL (4.2ms)[0m  SHOW KEYS FROM `schema_migrations`
  [1m[36mSQL (204.9ms)[0m  [1mCREATE UNIQUE INDEX `unique_schema_migrations` ON `schema_migrations` (`version`)[0m
  [1m[35mSQL (2.7ms)[0m  SHOW TABLES
  [1m[36mSQL (0.6ms)[0m  [1mSELECT version FROM `schema_migrations`[0m
  [1m[35mSQL (2.1ms)[0m  INSERT INTO `schema_migrations` (version) VALUES ('0')
  [1m[36mSQL (0.4ms)[0m  [1mSHOW TABLES[0m
  [1m[35mSQL (0.3ms)[0m  SHOW TABLES
  [1m[36mSQL (0.4ms)[0m  [1mSELECT `schema_migrations`.`version` FROM `schema_migrations`[0m
  [1m[35mSQL (1.9ms)[0m  DROP DATABASE IF EXISTS `Ticketee_test`
  [1m[36mSQL (0.3ms)[0m  [1mCREATE DATABASE `Ticketee_test` DEFAULT CHARACTER SET `utf8`[0m
  [1m[35mSQL (0.3ms)[0m  SHOW TABLES
  [1m[36mSQL (44.5ms)[0m  [1mCREATE TABLE `schema_migrations` (`version` varchar(255) NOT NULL) ENGINE=InnoDB[0m
  [1m[35mSQL (0.4ms)[0m  SHOW KEYS FROM `schema_migrations`
  [1m[36mSQL (148.2ms)[0m  [1mCREATE UNIQUE INDEX `unique_schema_migrations` ON `schema_migrations` (`version`)[0m
  [1m[35mSQL (0.4ms)[0m  SHOW TABLES
  [1m[36mSQL (1.9ms)[0m  [1mSELECT version FROM `schema_migrations`[0m
  [1m[35mSQL (3.6ms)[0m  INSERT INTO `schema_migrations` (version) VALUES ('0')
  [1m[36mSQL (0.4ms)[0m  [1mSHOW TABLES[0m
  [1m[35mSQL (0.3ms)[0m  SHOW TABLES
  [1m[36mSQL (0.4ms)[0m  [1mSELECT `schema_migrations`.`version` FROM `schema_migrations`[0m
  [1m[35mSQL (1.3ms)[0m  DROP DATABASE IF EXISTS `Ticketee_test`
  [1m[36mSQL (5.0ms)[0m  [1mCREATE DATABASE `Ticketee_test` DEFAULT CHARACTER SET `utf8`[0m
  [1m[35mSQL (0.3ms)[0m  SHOW TABLES
  [1m[36mSQL (81.1ms)[0m  [1mCREATE TABLE `schema_migrations` (`version` varchar(255) NOT NULL) ENGINE=InnoDB[0m
  [1m[35mSQL (3.0ms)[0m  SHOW KEYS FROM `schema_migrations`
  [1m[36mSQL (149.7ms)[0m  [1mCREATE UNIQUE INDEX `unique_schema_migrations` ON `schema_migrations` (`version`)[0m
  [1m[35mSQL (0.4ms)[0m  SHOW TABLES
  [1m[36mSQL (0.3ms)[0m  [1mSELECT version FROM `schema_migrations`[0m
  [1m[35mSQL (3.5ms)[0m  INSERT INTO `schema_migrations` (version) VALUES ('0')


Started GET "/" for 127.0.0.1 at 2010-11-24 23:04:52 -0600

ActionController::RoutingError (No route matches "/"):
  

Rendered /usr/local/lib/ruby/gems/1.9.1/gems/actionpack-3.0.1/lib/action_dispatch/middleware/templates/rescues/routing_error.erb within rescues/layout (47.4ms)
  [1m[36mSQL (0.5ms)[0m  [1mSHOW TABLES[0m
  [1m[35mSQL (0.4ms)[0m  SHOW TABLES
  [1m[36mSQL (0.3ms)[0m  [1mSELECT `schema_migrations`.`version` FROM `schema_migrations`[0m
  [1m[35mSQL (20.2ms)[0m  DROP DATABASE IF EXISTS `Ticketee_test`
  [1m[36mSQL (0.3ms)[0m  [1mCREATE DATABASE `Ticketee_test` DEFAULT CHARACTER SET `utf8`[0m
  [1m[35mSQL (0.3ms)[0m  SHOW TABLES
  [1m[36mSQL (54.2ms)[0m  [1mCREATE TABLE `schema_migrations` (`version` varchar(255) NOT NULL) ENGINE=InnoDB[0m
  [1m[35mSQL (5.3ms)[0m  SHOW KEYS FROM `schema_migrations`
  [1m[36mSQL (155.7ms)[0m  [1mCREATE UNIQUE INDEX `unique_schema_migrations` ON `schema_migrations` (`version`)[0m
  [1m[35mSQL (0.3ms)[0m  SHOW TABLES
  [1m[36mSQL (20.3ms)[0m  [1mSELECT version FROM `schema_migrations`[0m
  [1m[35mSQL (43.4ms)[0m  INSERT INTO `schema_migrations` (version) VALUES ('0')
  [1m[36mSQL (0.3ms)[0m  [1mSHOW TABLES[0m
  [1m[35mSQL (0.2ms)[0m  SHOW TABLES
  [1m[36mSQL (0.4ms)[0m  [1mSELECT `schema_migrations`.`version` FROM `schema_migrations`[0m
  [1m[35mSQL (13.2ms)[0m  DROP DATABASE IF EXISTS `Ticketee_test`
  [1m[36mSQL (0.3ms)[0m  [1mCREATE DATABASE `Ticketee_test` DEFAULT CHARACTER SET `utf8`[0m
  [1m[35mSQL (0.3ms)[0m  SHOW TABLES
  [1m[36mSQL (62.5ms)[0m  [1mCREATE TABLE `schema_migrations` (`version` varchar(255) NOT NULL) ENGINE=InnoDB[0m
  [1m[35mSQL (11.0ms)[0m  SHOW KEYS FROM `schema_migrations`
  [1m[36mSQL (107.3ms)[0m  [1mCREATE UNIQUE INDEX `unique_schema_migrations` ON `schema_migrations` (`version`)[0m
  [1m[35mSQL (0.4ms)[0m  SHOW TABLES
  [1m[36mSQL (0.3ms)[0m  [1mSELECT version FROM `schema_migrations`[0m
  [1m[35mSQL (3.7ms)[0m  INSERT INTO `schema_migrations` (version) VALUES ('0')
  [1m[36mSQL (0.3ms)[0m  [1mSHOW TABLES[0m
  [1m[35mSQL (0.2ms)[0m  SHOW TABLES
  [1m[36mSQL (2.9ms)[0m  [1mSELECT `schema_migrations`.`version` FROM `schema_migrations`[0m
  [1m[35mSQL (2.3ms)[0m  DROP DATABASE IF EXISTS `Ticketee_test`
  [1m[36mSQL (2.6ms)[0m  [1mCREATE DATABASE `Ticketee_test` DEFAULT CHARACTER SET `utf8`[0m
  [1m[35mSQL (0.3ms)[0m  SHOW TABLES
  [1m[36mSQL (74.6ms)[0m  [1mCREATE TABLE `schema_migrations` (`version` varchar(255) NOT NULL) ENGINE=InnoDB[0m
  [1m[35mSQL (7.7ms)[0m  SHOW KEYS FROM `schema_migrations`
  [1m[36mSQL (77.0ms)[0m  [1mCREATE UNIQUE INDEX `unique_schema_migrations` ON `schema_migrations` (`version`)[0m
  [1m[35mSQL (0.7ms)[0m  SHOW TABLES
  [1m[36mSQL (8.7ms)[0m  [1mSELECT version FROM `schema_migrations`[0m
  [1m[35mSQL (1.6ms)[0m  INSERT INTO `schema_migrations` (version) VALUES ('0')
  [1m[36mSQL (0.4ms)[0m  [1mSHOW TABLES[0m
  [1m[35mSQL (5.6ms)[0m  SHOW TABLES
  [1m[36mSQL (16.6ms)[0m  [1mSELECT `schema_migrations`.`version` FROM `schema_migrations`[0m
  [1m[35mSQL (2.9ms)[0m  DROP DATABASE IF EXISTS `Ticketee_test`
  [1m[36mSQL (0.3ms)[0m  [1mCREATE DATABASE `Ticketee_test` DEFAULT CHARACTER SET `utf8`[0m
  [1m[35mSQL (2.9ms)[0m  SHOW TABLES
  [1m[36mSQL (286.7ms)[0m  [1mCREATE TABLE `schema_migrations` (`version` varchar(255) NOT NULL) ENGINE=InnoDB[0m
  [1m[35mSQL (11.9ms)[0m  SHOW KEYS FROM `schema_migrations`
  [1m[36mSQL (385.2ms)[0m  [1mCREATE UNIQUE INDEX `unique_schema_migrations` ON `schema_migrations` (`version`)[0m
  [1m[35mSQL (0.4ms)[0m  SHOW TABLES
  [1m[36mSQL (15.4ms)[0m  [1mSELECT version FROM `schema_migrations`[0m
  [1m[35mSQL (2.6ms)[0m  INSERT INTO `schema_migrations` (version) VALUES ('0')
  [1m[36mSQL (4.3ms)[0m  [1mSHOW TABLES[0m
  [1m[35mSQL (2.5ms)[0m  SHOW TABLES
  [1m[36mSQL (2.6ms)[0m  [1mSELECT `schema_migrations`.`version` FROM `schema_migrations`[0m
  [1m[35mSQL (17.1ms)[0m  DROP DATABASE IF EXISTS `Ticketee_test`
  [1m[36mSQL (12.7ms)[0m  [1mCREATE DATABASE `Ticketee_test` DEFAULT CHARACTER SET `utf8`[0m
  [1m[35mSQL (0.3ms)[0m  SHOW TABLES
  [1m[36mSQL (72.7ms)[0m  [1mCREATE TABLE `schema_migrations` (`version` varchar(255) NOT NULL) ENGINE=InnoDB[0m
  [1m[35mSQL (0.4ms)[0m  SHOW KEYS FROM `schema_migrations`
  [1m[36mSQL (209.3ms)[0m  [1mCREATE UNIQUE INDEX `unique_schema_migrations` ON `schema_migrations` (`version`)[0m
  [1m[35mSQL (2.3ms)[0m  SHOW TABLES
  [1m[36mSQL (0.3ms)[0m  [1mSELECT version FROM `schema_migrations`[0m
  [1m[35mSQL (1.8ms)[0m  INSERT INTO `schema_migrations` (version) VALUES ('0')
  [1m[36mSQL (0.5ms)[0m  [1mSHOW TABLES[0m
  [1m[35mSQL (28.2ms)[0m  SHOW TABLES
  [1m[36mSQL (0.4ms)[0m  [1mSELECT `schema_migrations`.`version` FROM `schema_migrations`[0m
Migrating to CreateProjects (20101125055646)
  [1m[35mSQL (62.7ms)[0m  CREATE TABLE `projects` (`id` int(11) DEFAULT NULL auto_increment PRIMARY KEY, `name` varchar(255), `created_at` datetime, `updated_at` datetime) ENGINE=InnoDB
  [1m[36mSQL (2.2ms)[0m  [1mdescribe `schema_migrations`[0m
  [1m[35mSQL (5.0ms)[0m  INSERT INTO `schema_migrations` (`version`) VALUES ('20101125055646')
  [1m[36mSQL (20.5ms)[0m  [1mSHOW TABLES[0m
  [1m[35mSQL (0.3ms)[0m  SELECT `schema_migrations`.`version` FROM `schema_migrations`
  [1m[36mSQL (0.4ms)[0m  [1mSHOW TABLES[0m
  [1m[35mSQL (2.4ms)[0m  describe `projects`
  [1m[36mSQL (0.4ms)[0m  [1mSHOW KEYS FROM `projects`[0m
  [1m[36mSQL (0.3ms)[0m  [1mSHOW TABLES[0m
  [1m[35mSQL (10.4ms)[0m  SHOW TABLES
  [1m[36mSQL (3.9ms)[0m  [1mSELECT `schema_migrations`.`version` FROM `schema_migrations`[0m
  [1m[35mSQL (6.2ms)[0m  DROP DATABASE IF EXISTS `Ticketee_test`
  [1m[36mSQL (0.3ms)[0m  [1mCREATE DATABASE `Ticketee_test` DEFAULT CHARACTER SET `utf8`[0m
  [1m[35mSQL (0.3ms)[0m  SHOW TABLES
  [1m[36mSQL (59.2ms)[0m  [1mCREATE TABLE `projects` (`id` int(11) DEFAULT NULL auto_increment PRIMARY KEY, `name` varchar(255), `created_at` datetime, `updated_at` datetime) ENGINE=InnoDB[0m
  [1m[35mSQL (0.3ms)[0m  SHOW TABLES
  [1m[36mSQL (165.6ms)[0m  [1mCREATE TABLE `schema_migrations` (`version` varchar(255) NOT NULL) ENGINE=InnoDB[0m
  [1m[35mSQL (0.5ms)[0m  SHOW KEYS FROM `schema_migrations`
  [1m[36mSQL (99.0ms)[0m  [1mCREATE UNIQUE INDEX `unique_schema_migrations` ON `schema_migrations` (`version`)[0m
  [1m[35mSQL (0.7ms)[0m  SHOW TABLES
  [1m[36mSQL (0.3ms)[0m  [1mSELECT version FROM `schema_migrations`[0m
  [1m[35mSQL (4.2ms)[0m  INSERT INTO `schema_migrations` (version) VALUES ('20101125055646')


Started GET "/" for 127.0.0.1 at 2010-11-25 00:02:01 -0600
  Processing by ProjectsController#index as HTML
Rendered projects/index.html.erb within layouts/application (8.5ms)
Completed 200 OK in 20ms (Views: 19.2ms | ActiveRecord: 0.0ms)
  [1m[36mSQL (0.4ms)[0m  [1mSHOW TABLES[0m
  [1m[35mSQL (0.3ms)[0m  SHOW TABLES
  [1m[36mSQL (13.3ms)[0m  [1mSELECT `schema_migrations`.`version` FROM `schema_migrations`[0m
  [1m[35mSQL (5.1ms)[0m  DROP DATABASE IF EXISTS `Ticketee_test`
  [1m[36mSQL (5.4ms)[0m  [1mCREATE DATABASE `Ticketee_test` DEFAULT CHARACTER SET `utf8`[0m
  [1m[35mSQL (7.1ms)[0m  SHOW TABLES
  [1m[36mSQL (52.8ms)[0m  [1mCREATE TABLE `projects` (`id` int(11) DEFAULT NULL auto_increment PRIMARY KEY, `name` varchar(255), `created_at` datetime, `updated_at` datetime) ENGINE=InnoDB[0m
  [1m[35mSQL (0.4ms)[0m  SHOW TABLES
  [1m[36mSQL (184.4ms)[0m  [1mCREATE TABLE `schema_migrations` (`version` varchar(255) NOT NULL) ENGINE=InnoDB[0m
  [1m[35mSQL (0.5ms)[0m  SHOW KEYS FROM `schema_migrations`
  [1m[36mSQL (140.6ms)[0m  [1mCREATE UNIQUE INDEX `unique_schema_migrations` ON `schema_migrations` (`version`)[0m
  [1m[35mSQL (4.3ms)[0m  SHOW TABLES
  [1m[36mSQL (0.3ms)[0m  [1mSELECT version FROM `schema_migrations`[0m
  [1m[35mSQL (0.4ms)[0m  INSERT INTO `schema_migrations` (version) VALUES ('20101125055646')
  [1m[36mSQL (0.4ms)[0m  [1mSHOW TABLES[0m
  [1m[35mSQL (1.6ms)[0m  SHOW TABLES
  [1m[36mSQL (0.3ms)[0m  [1mSELECT `schema_migrations`.`version` FROM `schema_migrations`[0m
  [1m[35mSQL (10.4ms)[0m  DROP DATABASE IF EXISTS `Ticketee_test`
  [1m[36mSQL (0.3ms)[0m  [1mCREATE DATABASE `Ticketee_test` DEFAULT CHARACTER SET `utf8`[0m
  [1m[35mSQL (0.4ms)[0m  SHOW TABLES
  [1m[36mSQL (57.2ms)[0m  [1mCREATE TABLE `projects` (`id` int(11) DEFAULT NULL auto_increment PRIMARY KEY, `name` varchar(255), `created_at` datetime, `updated_at` datetime) ENGINE=InnoDB[0m
  [1m[35mSQL (0.3ms)[0m  SHOW TABLES
  [1m[36mSQL (144.0ms)[0m  [1mCREATE TABLE `schema_migrations` (`version` varchar(255) NOT NULL) ENGINE=InnoDB[0m
  [1m[35mSQL (0.7ms)[0m  SHOW KEYS FROM `schema_migrations`
  [1m[36mSQL (110.9ms)[0m  [1mCREATE UNIQUE INDEX `unique_schema_migrations` ON `schema_migrations` (`version`)[0m
  [1m[35mSQL (15.5ms)[0m  SHOW TABLES
  [1m[36mSQL (1.7ms)[0m  [1mSELECT version FROM `schema_migrations`[0m
  [1m[35mSQL (1.3ms)[0m  INSERT INTO `schema_migrations` (version) VALUES ('20101125055646')
  [1m[36mSQL (0.4ms)[0m  [1mSHOW TABLES[0m
  [1m[35mSQL (1.0ms)[0m  SHOW TABLES
  [1m[36mSQL (0.4ms)[0m  [1mSELECT `schema_migrations`.`version` FROM `schema_migrations`[0m
  [1m[35mSQL (13.4ms)[0m  DROP DATABASE IF EXISTS `Ticketee_test`
  [1m[36mSQL (0.4ms)[0m  [1mCREATE DATABASE `Ticketee_test` DEFAULT CHARACTER SET `utf8`[0m
  [1m[35mSQL (0.3ms)[0m  SHOW TABLES
  [1m[36mSQL (63.8ms)[0m  [1mCREATE TABLE `projects` (`id` int(11) DEFAULT NULL auto_increment PRIMARY KEY, `name` varchar(255), `created_at` datetime, `updated_at` datetime) ENGINE=InnoDB[0m
  [1m[35mSQL (0.3ms)[0m  SHOW TABLES
  [1m[36mSQL (143.2ms)[0m  [1mCREATE TABLE `schema_migrations` (`version` varchar(255) NOT NULL) ENGINE=InnoDB[0m
  [1m[35mSQL (0.4ms)[0m  SHOW KEYS FROM `schema_migrations`
  [1m[36mSQL (152.2ms)[0m  [1mCREATE UNIQUE INDEX `unique_schema_migrations` ON `schema_migrations` (`version`)[0m
  [1m[35mSQL (12.0ms)[0m  SHOW TABLES
  [1m[36mSQL (0.3ms)[0m  [1mSELECT version FROM `schema_migrations`[0m
  [1m[35mSQL (7.3ms)[0m  INSERT INTO `schema_migrations` (version) VALUES ('20101125055646')


Started GET "/" for 127.0.0.1 at 2010-11-25 00:24:20 -0600
  Processing by ProjectsController#index as HTML
Rendered projects/index.html.erb within layouts/application (14.5ms)
Completed 200 OK in 23ms (Views: 22.3ms | ActiveRecord: 0.0ms)


Started GET "/projects/new" for 127.0.0.1 at 2010-11-25 00:24:24 -0600
  Processing by ProjectsController#new as HTML
Rendered projects/new.html.erb within layouts/application (4.7ms)
Completed 200 OK in 43ms (Views: 11.7ms | ActiveRecord: 0.0ms)
  [1m[36mSQL (0.5ms)[0m  [1mSHOW TABLES[0m
  [1m[35mSQL (15.8ms)[0m  SHOW TABLES
  [1m[36mSQL (0.4ms)[0m  [1mSELECT `schema_migrations`.`version` FROM `schema_migrations`[0m
  [1m[35mSQL (6.0ms)[0m  DROP DATABASE IF EXISTS `Ticketee_test`
  [1m[36mSQL (0.3ms)[0m  [1mCREATE DATABASE `Ticketee_test` DEFAULT CHARACTER SET `utf8`[0m
  [1m[35mSQL (22.1ms)[0m  SHOW TABLES
  [1m[36mSQL (83.7ms)[0m  [1mCREATE TABLE `projects` (`id` int(11) DEFAULT NULL auto_increment PRIMARY KEY, `name` varchar(255), `created_at` datetime, `updated_at` datetime) ENGINE=InnoDB[0m
  [1m[35mSQL (0.3ms)[0m  SHOW TABLES
  [1m[36mSQL (126.4ms)[0m  [1mCREATE TABLE `schema_migrations` (`version` varchar(255) NOT NULL) ENGINE=InnoDB[0m
  [1m[35mSQL (0.5ms)[0m  SHOW KEYS FROM `schema_migrations`
  [1m[36mSQL (110.8ms)[0m  [1mCREATE UNIQUE INDEX `unique_schema_migrations` ON `schema_migrations` (`version`)[0m
  [1m[35mSQL (0.5ms)[0m  SHOW TABLES
  [1m[36mSQL (0.4ms)[0m  [1mSELECT version FROM `schema_migrations`[0m
  [1m[35mSQL (8.5ms)[0m  INSERT INTO `schema_migrations` (version) VALUES ('20101125055646')
  [1m[36mSQL (0.4ms)[0m  [1mSHOW TABLES[0m
  [1m[35mSQL (0.2ms)[0m  SHOW TABLES
  [1m[36mSQL (0.2ms)[0m  [1mSELECT `schema_migrations`.`version` FROM `schema_migrations`[0m
  [1m[35mSQL (20.4ms)[0m  DROP DATABASE IF EXISTS `Ticketee_test`
  [1m[36mSQL (0.3ms)[0m  [1mCREATE DATABASE `Ticketee_test` DEFAULT CHARACTER SET `utf8`[0m
  [1m[35mSQL (0.3ms)[0m  SHOW TABLES
  [1m[36mSQL (96.0ms)[0m  [1mCREATE TABLE `projects` (`id` int(11) DEFAULT NULL auto_increment PRIMARY KEY, `name` varchar(255), `created_at` datetime, `updated_at` datetime) ENGINE=InnoDB[0m
  [1m[35mSQL (0.4ms)[0m  SHOW TABLES
  [1m[36mSQL (155.8ms)[0m  [1mCREATE TABLE `schema_migrations` (`version` varchar(255) NOT NULL) ENGINE=InnoDB[0m
  [1m[35mSQL (0.4ms)[0m  SHOW KEYS FROM `schema_migrations`
  [1m[36mSQL (188.8ms)[0m  [1mCREATE UNIQUE INDEX `unique_schema_migrations` ON `schema_migrations` (`version`)[0m
  [1m[35mSQL (0.5ms)[0m  SHOW TABLES
  [1m[36mSQL (0.3ms)[0m  [1mSELECT version FROM `schema_migrations`[0m
  [1m[35mSQL (1.4ms)[0m  INSERT INTO `schema_migrations` (version) VALUES ('20101125055646')
  [1m[36mSQL (1.8ms)[0m  [1mSHOW TABLES[0m
  [1m[35mSQL (11.0ms)[0m  SHOW TABLES
  [1m[36mSQL (20.1ms)[0m  [1mSELECT `schema_migrations`.`version` FROM `schema_migrations`[0m
  [1m[35mSQL (5.4ms)[0m  DROP DATABASE IF EXISTS `Ticketee_test`
  [1m[36mSQL (0.3ms)[0m  [1mCREATE DATABASE `Ticketee_test` DEFAULT CHARACTER SET `utf8`[0m
  [1m[35mSQL (0.3ms)[0m  SHOW TABLES
  [1m[36mSQL (66.5ms)[0m  [1mCREATE TABLE `projects` (`id` int(11) DEFAULT NULL auto_increment PRIMARY KEY, `name` varchar(255), `created_at` datetime, `updated_at` datetime) ENGINE=InnoDB[0m
  [1m[35mSQL (0.3ms)[0m  SHOW TABLES
  [1m[36mSQL (174.4ms)[0m  [1mCREATE TABLE `schema_migrations` (`version` varchar(255) NOT NULL) ENGINE=InnoDB[0m
  [1m[35mSQL (0.4ms)[0m  SHOW KEYS FROM `schema_migrations`
  [1m[36mSQL (165.8ms)[0m  [1mCREATE UNIQUE INDEX `unique_schema_migrations` ON `schema_migrations` (`version`)[0m
  [1m[35mSQL (0.4ms)[0m  SHOW TABLES
  [1m[36mSQL (0.3ms)[0m  [1mSELECT version FROM `schema_migrations`[0m
  [1m[35mSQL (1.2ms)[0m  INSERT INTO `schema_migrations` (version) VALUES ('20101125055646')
  [1m[36mSQL (0.4ms)[0m  [1mSHOW TABLES[0m
  [1m[35mSQL (0.3ms)[0m  SHOW TABLES
  [1m[36mSQL (0.4ms)[0m  [1mSELECT `schema_migrations`.`version` FROM `schema_migrations`[0m
  [1m[35mSQL (4.4ms)[0m  DROP DATABASE IF EXISTS `Ticketee_test`
  [1m[36mSQL (11.7ms)[0m  [1mCREATE DATABASE `Ticketee_test` DEFAULT CHARACTER SET `utf8`[0m
  [1m[35mSQL (0.3ms)[0m  SHOW TABLES
  [1m[36mSQL (61.4ms)[0m  [1mCREATE TABLE `projects` (`id` int(11) DEFAULT NULL auto_increment PRIMARY KEY, `name` varchar(255), `created_at` datetime, `updated_at` datetime) ENGINE=InnoDB[0m
  [1m[35mSQL (0.4ms)[0m  SHOW TABLES
  [1m[36mSQL (140.2ms)[0m  [1mCREATE TABLE `schema_migrations` (`version` varchar(255) NOT NULL) ENGINE=InnoDB[0m
  [1m[35mSQL (1.2ms)[0m  SHOW KEYS FROM `schema_migrations`
  [1m[36mSQL (99.4ms)[0m  [1mCREATE UNIQUE INDEX `unique_schema_migrations` ON `schema_migrations` (`version`)[0m
  [1m[35mSQL (0.4ms)[0m  SHOW TABLES
  [1m[36mSQL (3.9ms)[0m  [1mSELECT version FROM `schema_migrations`[0m
  [1m[35mSQL (2.6ms)[0m  INSERT INTO `schema_migrations` (version) VALUES ('20101125055646')
  [1m[36mSQL (0.4ms)[0m  [1mSHOW TABLES[0m
  [1m[35mSQL (5.3ms)[0m  SHOW TABLES
  [1m[36mSQL (1.0ms)[0m  [1mSELECT `schema_migrations`.`version` FROM `schema_migrations`[0m
  [1m[35mSQL (28.3ms)[0m  DROP DATABASE IF EXISTS `Ticketee_test`
  [1m[36mSQL (3.6ms)[0m  [1mCREATE DATABASE `Ticketee_test` DEFAULT CHARACTER SET `utf8`[0m
  [1m[35mSQL (0.3ms)[0m  SHOW TABLES
  [1m[36mSQL (43.5ms)[0m  [1mCREATE TABLE `projects` (`id` int(11) DEFAULT NULL auto_increment PRIMARY KEY, `name` varchar(255), `created_at` datetime, `updated_at` datetime) ENGINE=InnoDB[0m
  [1m[35mSQL (0.3ms)[0m  SHOW TABLES
  [1m[36mSQL (141.4ms)[0m  [1mCREATE TABLE `schema_migrations` (`version` varchar(255) NOT NULL) ENGINE=InnoDB[0m
  [1m[35mSQL (0.5ms)[0m  SHOW KEYS FROM `schema_migrations`
  [1m[36mSQL (83.3ms)[0m  [1mCREATE UNIQUE INDEX `unique_schema_migrations` ON `schema_migrations` (`version`)[0m
  [1m[35mSQL (4.0ms)[0m  SHOW TABLES
  [1m[36mSQL (0.3ms)[0m  [1mSELECT version FROM `schema_migrations`[0m
  [1m[35mSQL (3.8ms)[0m  INSERT INTO `schema_migrations` (version) VALUES ('20101125055646')
  [1m[36mSQL (8.1ms)[0m  [1mSHOW TABLES[0m
  [1m[35mSQL (1.4ms)[0m  SHOW TABLES
  [1m[36mSQL (0.3ms)[0m  [1mSELECT `schema_migrations`.`version` FROM `schema_migrations`[0m
  [1m[35mSQL (6.1ms)[0m  DROP DATABASE IF EXISTS `Ticketee_test`
  [1m[36mSQL (0.3ms)[0m  [1mCREATE DATABASE `Ticketee_test` DEFAULT CHARACTER SET `utf8`[0m
  [1m[35mSQL (0.3ms)[0m  SHOW TABLES
  [1m[36mSQL (54.7ms)[0m  [1mCREATE TABLE `projects` (`id` int(11) DEFAULT NULL auto_increment PRIMARY KEY, `name` varchar(255), `created_at` datetime, `updated_at` datetime) ENGINE=InnoDB[0m
  [1m[35mSQL (0.3ms)[0m  SHOW TABLES
  [1m[36mSQL (154.3ms)[0m  [1mCREATE TABLE `schema_migrations` (`version` varchar(255) NOT NULL) ENGINE=InnoDB[0m
  [1m[35mSQL (4.5ms)[0m  SHOW KEYS FROM `schema_migrations`
  [1m[36mSQL (151.5ms)[0m  [1mCREATE UNIQUE INDEX `unique_schema_migrations` ON `schema_migrations` (`version`)[0m
  [1m[35mSQL (0.4ms)[0m  SHOW TABLES
  [1m[36mSQL (0.3ms)[0m  [1mSELECT version FROM `schema_migrations`[0m
  [1m[35mSQL (6.0ms)[0m  INSERT INTO `schema_migrations` (version) VALUES ('20101125055646')
